08:16:34.531 [pool-1-thread-20] INFO  com.nhnent.RequestProcessor _-_ a.com _ / _ null
08:16:34.555 [pool-1-thread-21] INFO  com.nhnent.RequestProcessor _-_ b.com _ / _ null
08:17:17.563 [Thread-0] INFO  com.nhnent.HttpServer _-_ server started
08:17:19.110 [pool-1-thread-1] INFO  com.nhnent.RequestProcessor _-_ a.com _ /Hello _ name=haha
08:17:21.538 [pool-1-thread-2] INFO  com.nhnent.RequestProcessor _-_ b.com _ /Hello _ name=haha
08:17:23.969 [pool-1-thread-3] INFO  com.nhnent.RequestProcessor _-_ b.com _ /sd/ _ null
08:17:26.622 [pool-1-thread-4] INFO  com.nhnent.RequestProcessor _-_ b.com _ / _ null
08:17:28.021 [pool-1-thread-5] INFO  com.nhnent.RequestProcessor _-_ a.com _ / _ null
08:50:07.979 [Thread-1] INFO  com.nhnent.HttpServer _-_ server started
08:50:07.998 [pool-1-thread-1] INFO  com.nhnent.RequestProcessor _-_ a.com _ / _ null
08:50:08.011 [main] DEBUG test.HttpServerTest _-_ a.com : a.com
08:50:08.022 [pool-1-thread-2] INFO  com.nhnent.RequestProcessor _-_ b.com _ / _ null
08:50:08.025 [main] DEBUG test.HttpServerTest _-_ b.com : b.com
08:57:19.292 [Thread-1] INFO  com.nhnent.HttpServer _-_ server started
08:57:19.314 [pool-1-thread-1] INFO  com.nhnent.RequestProcessor _-_ a.com _ / _ null
08:57:19.331 [main] DEBUG test.HttpServerTest _-_ a.com : a.com
08:57:19.345 [pool-1-thread-2] INFO  com.nhnent.RequestProcessor _-_ b.com _ / _ null
08:57:19.348 [main] DEBUG test.HttpServerTest _-_ b.com : b.com
09:01:04.467 [Thread-1] INFO  com.nhnent.HttpServer _-_ server started
09:01:04.492 [pool-1-thread-1] INFO  com.nhnent.RequestProcessor _-_ a.com _ / _ null
09:01:04.512 [main] DEBUG test.HttpServerTest _-_ a.com : a.com
09:01:04.526 [pool-1-thread-2] INFO  com.nhnent.RequestProcessor _-_ b.com _ / _ null
09:01:04.530 [main] DEBUG test.HttpServerTest _-_ b.com : b.com
09:02:46.171 [Thread-1] INFO  com.nhnent.HttpServer _-_ server started
09:02:46.192 [pool-1-thread-1] INFO  com.nhnent.RequestProcessor _-_ a.com _ / _ null
09:02:46.210 [main] DEBUG test.HttpServerTest _-_ a.com : a.com
09:02:46.226 [pool-1-thread-2] INFO  com.nhnent.RequestProcessor _-_ b.com _ / _ null
09:02:46.230 [main] DEBUG test.HttpServerTest _-_ b.com : b.com
09:07:34.859 [Thread-0] INFO  com.nhnent.HttpServer _-_ server started
09:07:43.388 [pool-1-thread-1] INFO  com.nhnent.RequestProcessor _-_ a.com _ / _ null
09:07:43.407 [pool-1-thread-2] INFO  com.nhnent.RequestProcessor _-_ b.com _ / _ null
09:08:10.451 [pool-1-thread-3] INFO  com.nhnent.RequestProcessor _-_ a.com _ / _ null
09:08:10.463 [pool-1-thread-4] INFO  com.nhnent.RequestProcessor _-_ b.com _ / _ null
09:14:46.913 [Thread-0] INFO  com.nhnent.HttpServer _-_ server started
09:14:59.531 [pool-1-thread-1] INFO  com.nhnent.RequestProcessor _-_ a.com _ / _ null
09:14:59.554 [pool-1-thread-2] INFO  com.nhnent.RequestProcessor _-_ b.com _ / _ null
09:16:28.267 [Thread-1] INFO  com.nhnent.HttpServer _-_ server started
09:16:28.286 [pool-1-thread-1] INFO  com.nhnent.RequestProcessor _-_ a.com _ / _ null
09:16:28.317 [pool-1-thread-2] INFO  com.nhnent.RequestProcessor _-_ b.com _ / _ null
09:28:49.010 [Thread-2] INFO  com.nhnent.HttpServer _-_ server started
09:28:49.028 [pool-1-thread-1] INFO  com.nhnent.RequestProcessor _-_ a.com _ / _ null
09:28:49.041 [pool-1-thread-2] INFO  com.nhnent.RequestProcessor _-_ a.com _ / _ null
09:28:49.051 [pool-1-thread-3] INFO  com.nhnent.RequestProcessor _-_ b.com _ / _ null
09:28:49.061 [pool-1-thread-4] INFO  com.nhnent.RequestProcessor _-_ b.com _ / _ null
09:29:00.697 [Thread-2] INFO  com.nhnent.HttpServer _-_ server started
09:29:00.717 [pool-1-thread-1] INFO  com.nhnent.RequestProcessor _-_ a.com _ / _ null
09:29:00.732 [pool-1-thread-2] INFO  com.nhnent.RequestProcessor _-_ a.com _ / _ null
09:29:00.741 [pool-1-thread-3] INFO  com.nhnent.RequestProcessor _-_ b.com _ / _ null
09:29:00.750 [pool-1-thread-4] INFO  com.nhnent.RequestProcessor _-_ b.com _ / _ null
09:45:01.879 [Thread-2] INFO  com.nhnent.HttpServer _-_ server started
09:45:01.901 [pool-1-thread-1] INFO  com.nhnent.RequestProcessor _-_ a.com _ / _ null
09:45:01.911 [pool-1-thread-2] INFO  com.nhnent.RequestProcessor _-_ a.com _ / _ null
09:45:24.175 [Thread-2] INFO  com.nhnent.HttpServer _-_ server started
09:45:24.694 [pool-1-thread-1] INFO  com.nhnent.RequestProcessor _-_ a.com _ / _ null
09:45:24.704 [pool-1-thread-2] INFO  com.nhnent.RequestProcessor _-_ a.com _ / _ null
09:46:14.747 [Thread-2] INFO  com.nhnent.HttpServer _-_ server started
09:46:14.774 [pool-1-thread-1] INFO  com.nhnent.RequestProcessor _-_ a.com _ / _ null
09:46:14.789 [pool-1-thread-2] INFO  com.nhnent.RequestProcessor _-_ a.com _ / _ null
09:46:58.357 [Thread-1] INFO  com.nhnent.HttpServer _-_ server started
09:46:58.387 [pool-1-thread-1] INFO  com.nhnent.RequestProcessor _-_ a.com _ / _ null
09:47:10.680 [Thread-1] INFO  com.nhnent.HttpServer _-_ server started
09:47:10.708 [pool-1-thread-1] INFO  com.nhnent.RequestProcessor _-_ a.com _ / _ null
09:48:30.748 [Thread-0] INFO  com.nhnent.HttpServer _-_ server started
09:49:21.055 [Thread-0] INFO  com.nhnent.HttpServer _-_ server started
09:49:21.076 [pool-1-thread-1] INFO  com.nhnent.RequestProcessor _-_ a.com _ / _ null
09:49:23.645 [pool-1-thread-2] INFO  com.nhnent.RequestProcessor _-_ b.com _ / _ null
09:50:17.907 [Thread-0] INFO  com.nhnent.HttpServer _-_ server started
09:50:17.935 [pool-1-thread-1] INFO  com.nhnent.RequestProcessor _-_ a.com _ / _ null
09:50:17.959 [main] DEBUG test.HttpServerTest _-_ a.com : a.com
09:50:17.978 [pool-1-thread-2] INFO  com.nhnent.RequestProcessor _-_ b.com _ / _ null
09:50:17.983 [main] DEBUG test.HttpServerTest _-_ b.com : b.com
09:51:12.455 [Thread-1] INFO  com.nhnent.HttpServer _-_ server started
09:51:12.473 [pool-1-thread-1] INFO  com.nhnent.RequestProcessor _-_ a.com _ / _ null
09:51:12.485 [pool-1-thread-2] INFO  com.nhnent.RequestProcessor _-_ a.com _ / _ null
09:51:34.236 [Thread-1] INFO  com.nhnent.HttpServer _-_ server started
09:51:34.265 [pool-1-thread-1] INFO  com.nhnent.RequestProcessor _-_ a.com _ / _ null
09:51:34.279 [pool-1-thread-2] INFO  com.nhnent.RequestProcessor _-_ a.com _ / _ null
09:52:26.679 [Thread-1] INFO  com.nhnent.HttpServer _-_ server started
09:52:27.194 [pool-1-thread-1] INFO  com.nhnent.RequestProcessor _-_ a.com _ / _ null
09:52:27.204 [pool-1-thread-2] INFO  com.nhnent.RequestProcessor _-_ a.com _ / _ null
09:53:06.151 [Thread-1] INFO  com.nhnent.HttpServer _-_ server started
09:53:11.386 [pool-1-thread-1] INFO  com.nhnent.RequestProcessor _-_ a.com _ / _ null
09:53:11.398 [pool-1-thread-2] INFO  com.nhnent.RequestProcessor _-_ a.com _ / _ null
09:54:32.914 [Thread-0] INFO  com.nhnent.HttpServer _-_ server started
09:54:32.934 [pool-1-thread-1] INFO  com.nhnent.RequestProcessor _-_ a.com _ / _ null
09:54:32.945 [pool-1-thread-2] INFO  com.nhnent.RequestProcessor _-_ a.com _ / _ null
09:54:45.412 [Thread-0] INFO  com.nhnent.HttpServer _-_ server started
09:55:02.456 [pool-1-thread-1] INFO  com.nhnent.RequestProcessor _-_ a.com _ / _ null
09:55:02.470 [pool-1-thread-2] INFO  com.nhnent.RequestProcessor _-_ a.com _ / _ null
09:55:55.415 [Thread-1] INFO  com.nhnent.HttpServer _-_ server started
09:55:55.435 [pool-1-thread-1] INFO  com.nhnent.RequestProcessor _-_ a.com _ / _ null
09:55:55.448 [pool-1-thread-2] INFO  com.nhnent.RequestProcessor _-_ a.com _ / _ null
09:56:53.384 [Thread-1] INFO  com.nhnent.HttpServer _-_ server started
09:56:53.406 [pool-1-thread-1] INFO  com.nhnent.RequestProcessor _-_ a.com _ / _ null
09:56:53.425 [pool-1-thread-2] INFO  com.nhnent.RequestProcessor _-_ a.com _ / _ null
09:57:12.870 [Thread-1] INFO  com.nhnent.HttpServer _-_ server started
09:57:12.899 [pool-1-thread-1] INFO  com.nhnent.RequestProcessor _-_ a.com _ / _ null
09:57:12.914 [pool-1-thread-2] INFO  com.nhnent.RequestProcessor _-_ a.com _ / _ null
09:58:25.342 [Thread-0] INFO  com.nhnent.HttpServer _-_ server started
09:58:33.847 [Thread-0] ERROR com.nhnent.HttpServer _-_ {}
java.net.BindException: Address already in use: JVM_Bind
	at java.net.DualStackPlainSocketImpl.bind0(Native Method) ~[na:1.8.0_31]
	at java.net.DualStackPlainSocketImpl.socketBind(DualStackPlainSocketImpl.java:106) ~[na:1.8.0_31]
	at java.net.AbstractPlainSocketImpl.bind(AbstractPlainSocketImpl.java:382) ~[na:1.8.0_31]
	at java.net.PlainSocketImpl.bind(PlainSocketImpl.java:190) ~[na:1.8.0_31]
	at java.net.ServerSocket.bind(ServerSocket.java:375) ~[na:1.8.0_31]
	at java.net.ServerSocket.<init>(ServerSocket.java:237) ~[na:1.8.0_31]
	at java.net.ServerSocket.<init>(ServerSocket.java:128) ~[na:1.8.0_31]
	at com.nhnent.HttpServer.run(HttpServer.java:53) ~[classes/:na]
09:58:33.873 [pool-1-thread-1] INFO  com.nhnent.RequestProcessor _-_ a.com _ / _ null
09:58:33.890 [pool-1-thread-2] INFO  com.nhnent.RequestProcessor _-_ a.com _ / _ null
09:58:48.358 [pool-1-thread-3] INFO  com.nhnent.RequestProcessor _-_ a.com _ / _ null
09:58:48.369 [pool-1-thread-4] INFO  com.nhnent.RequestProcessor _-_ a.com _ / _ null
09:59:47.685 [pool-1-thread-5] INFO  com.nhnent.RequestProcessor _-_ a.com _ / _ null
09:59:47.787 [pool-1-thread-6] INFO  com.nhnent.RequestProcessor _-_ a.com _ / _ null
09:59:50.070 [pool-1-thread-7] INFO  com.nhnent.RequestProcessor _-_ b.com _ / _ null
09:59:50.170 [pool-1-thread-8] INFO  com.nhnent.RequestProcessor _-_ b.com _ / _ null
10:00:25.839 [Thread-0] INFO  com.nhnent.HttpServer _-_ server started
10:00:26.237 [pool-1-thread-1] INFO  com.nhnent.RequestProcessor _-_ b.com _ / _ null
10:00:41.020 [pool-1-thread-2] INFO  com.nhnent.RequestProcessor _-_ a.com _ / _ null
10:00:41.034 [pool-1-thread-3] INFO  com.nhnent.RequestProcessor _-_ a.com _ / _ null
10:00:53.638 [pool-1-thread-4] INFO  com.nhnent.RequestProcessor _-_ b.com _ / _ null
10:00:54.097 [pool-1-thread-5] INFO  com.nhnent.RequestProcessor _-_ b.com _ / _ null
10:00:54.290 [pool-1-thread-6] INFO  com.nhnent.RequestProcessor _-_ b.com _ / _ null
10:00:54.457 [pool-1-thread-7] INFO  com.nhnent.RequestProcessor _-_ b.com _ / _ null
10:00:54.607 [pool-1-thread-8] INFO  com.nhnent.RequestProcessor _-_ b.com _ / _ null
10:00:54.766 [pool-1-thread-9] INFO  com.nhnent.RequestProcessor _-_ b.com _ / _ null
10:00:54.913 [pool-1-thread-10] INFO  com.nhnent.RequestProcessor _-_ b.com _ / _ null
10:00:55.056 [pool-1-thread-11] INFO  com.nhnent.RequestProcessor _-_ b.com _ / _ null
10:00:56.122 [pool-1-thread-12] INFO  com.nhnent.RequestProcessor _-_ b.com _ / _ null
10:00:59.757 [pool-1-thread-13] INFO  com.nhnent.RequestProcessor _-_ b.com _ / _ null
10:01:59.806 [pool-1-thread-14] INFO  com.nhnent.RequestProcessor _-_ b.com _ / _ null
10:04:00.998 [Thread-0] INFO  com.nhnent.HttpServer _-_ server started
10:04:02.236 [pool-1-thread-1] INFO  com.nhnent.RequestProcessor _-_ b.com _ / _ null
10:04:04.093 [pool-1-thread-2] INFO  com.nhnent.RequestProcessor _-_ b.com _ / _ null
10:04:04.951 [pool-1-thread-3] INFO  com.nhnent.RequestProcessor _-_ b.com _ / _ null
10:04:05.455 [pool-1-thread-4] INFO  com.nhnent.RequestProcessor _-_ b.com _ / _ null
10:04:05.804 [pool-1-thread-5] INFO  com.nhnent.RequestProcessor _-_ b.com _ / _ null
10:04:06.143 [pool-1-thread-6] INFO  com.nhnent.RequestProcessor _-_ b.com _ / _ null
10:04:08.863 [pool-1-thread-7] INFO  com.nhnent.RequestProcessor _-_ a.com _ / _ null
10:04:08.966 [pool-1-thread-8] INFO  com.nhnent.RequestProcessor _-_ a.com _ / _ null
10:04:13.986 [pool-1-thread-9] INFO  com.nhnent.RequestProcessor _-_ a.com _ / _ null
10:04:18.158 [pool-1-thread-10] INFO  com.nhnent.RequestProcessor _-_ a.com _ /test _ null
10:05:11.760 [Thread-0] INFO  com.nhnent.HttpServer _-_ server started
10:05:13.071 [pool-1-thread-1] INFO  com.nhnent.RequestProcessor _-_ a.com _ /test _ null
10:05:16.582 [pool-1-thread-2] INFO  com.nhnent.RequestProcessor _-_ a.com _ /bb _ null
10:13:45.136 [Thread-0] INFO  com.nhnent.HttpServer _-_ server started
10:13:51.196 [pool-1-thread-1] INFO  com.nhnent.RequestProcessor _-_ a.com _ / _ null
10:13:51.220 [main] DEBUG test.HttpServerTest _-_ a.com : a.com
10:13:51.240 [pool-1-thread-2] INFO  com.nhnent.RequestProcessor _-_ b.com _ / _ null
10:13:51.244 [main] DEBUG test.HttpServerTest _-_ b.com : b.com
10:14:17.206 [Thread-0] INFO  com.nhnent.HttpServer _-_ server started
10:14:17.231 [pool-1-thread-1] INFO  com.nhnent.RequestProcessor _-_ a.com _ / _ null
10:14:17.248 [main] DEBUG test.HttpServerTest _-_ a.com : a.com
10:14:17.265 [pool-1-thread-2] INFO  com.nhnent.RequestProcessor _-_ b.com _ / _ null
10:14:17.268 [main] DEBUG test.HttpServerTest _-_ b.com : b.com
10:14:30.894 [Thread-0] INFO  com.nhnent.HttpServer _-_ server started
10:14:31.408 [pool-1-thread-1] INFO  com.nhnent.RequestProcessor _-_ a.com _ / _ null
10:14:31.424 [main] DEBUG test.HttpServerTest _-_ a.com : a.com
10:14:31.433 [pool-1-thread-2] INFO  com.nhnent.RequestProcessor _-_ b.com _ / _ null
10:14:31.436 [main] DEBUG test.HttpServerTest _-_ b.com : b.com
10:31:38.698 [Thread-0] INFO  com.nhnent.HttpServer _-_ server started
10:31:38.723 [pool-1-thread-1] INFO  com.nhnent.RequestProcessor _-_ a.com _ / _ null
10:31:38.741 [main] DEBUG test.HttpServerTest _-_ a.com : a.com
10:31:38.755 [pool-1-thread-2] INFO  com.nhnent.RequestProcessor _-_ b.com _ / _ null
10:31:38.759 [main] DEBUG test.HttpServerTest _-_ b.com : b.com
10:53:04.103 [Thread-1] INFO  com.nhnent.HttpServer _-_ server started
10:53:04.133 [pool-21-thread-1] INFO  com.nhnent.RequestProcessor _-_ a.com _ / _ null
10:53:04.149 [pool-21-thread-2] INFO  com.nhnent.RequestProcessor _-_ a.com _ / _ null
10:54:33.053 [Thread-1] INFO  com.nhnent.HttpServer _-_ server started
10:54:33.081 [pool-1-thread-1] INFO  com.nhnent.RequestProcessor _-_ a.com _ / _ null
10:54:33.096 [pool-1-thread-2] INFO  com.nhnent.RequestProcessor _-_ a.com _ / _ null
10:59:48.521 [Thread-0] INFO  com.nhnent.HttpServer _-_ server started
10:59:48.547 [pool-1-thread-1] INFO  com.nhnent.RequestProcessor _-_ a.com _ / _ null
10:59:48.569 [main] DEBUG test.HttpServerTest _-_ a.com : a.com
10:59:48.580 [pool-1-thread-2] INFO  com.nhnent.RequestProcessor _-_ b.com _ / _ null
10:59:48.586 [main] DEBUG test.HttpServerTest _-_ b.com : b.com
11:03:56.305 [Thread-0] INFO  com.nhnent.HttpServer _-_ server started
11:03:56.323 [pool-1-thread-1] INFO  com.nhnent.RequestProcessor _-_ a.com _ / _ null
11:03:56.334 [main] DEBUG test.HttpServerTest _-_ a.com : a.com
11:03:56.346 [pool-1-thread-2] INFO  com.nhnent.RequestProcessor _-_ b.com _ / _ null
11:03:56.348 [main] DEBUG test.HttpServerTest _-_ b.com : b.com
11:04:25.209 [Thread-0] ERROR com.nhnent.HttpServer _-_ {}
java.net.BindException: Address already in use: JVM_Bind
	at java.net.DualStackPlainSocketImpl.bind0(Native Method) ~[na:1.8.0_31]
	at java.net.DualStackPlainSocketImpl.socketBind(DualStackPlainSocketImpl.java:106) ~[na:1.8.0_31]
	at java.net.AbstractPlainSocketImpl.bind(AbstractPlainSocketImpl.java:382) ~[na:1.8.0_31]
	at java.net.PlainSocketImpl.bind(PlainSocketImpl.java:190) ~[na:1.8.0_31]
	at java.net.ServerSocket.bind(ServerSocket.java:375) ~[na:1.8.0_31]
	at java.net.ServerSocket.<init>(ServerSocket.java:237) ~[na:1.8.0_31]
	at java.net.ServerSocket.<init>(ServerSocket.java:128) ~[na:1.8.0_31]
	at com.nhnent.HttpServer.run(HttpServer.java:53) ~[classes/:na]
11:05:55.936 [Thread-0] INFO  com.nhnent.HttpServer _-_ server started
11:06:46.286 [Thread-1] ERROR com.nhnent.HttpServer _-_ {}
java.net.BindException: Address already in use: JVM_Bind
	at java.net.DualStackPlainSocketImpl.bind0(Native Method) ~[na:1.8.0_31]
	at java.net.DualStackPlainSocketImpl.socketBind(DualStackPlainSocketImpl.java:106) ~[na:1.8.0_31]
	at java.net.AbstractPlainSocketImpl.bind(AbstractPlainSocketImpl.java:382) ~[na:1.8.0_31]
	at java.net.PlainSocketImpl.bind(PlainSocketImpl.java:190) ~[na:1.8.0_31]
	at java.net.ServerSocket.bind(ServerSocket.java:375) ~[na:1.8.0_31]
	at java.net.ServerSocket.<init>(ServerSocket.java:237) ~[na:1.8.0_31]
	at java.net.ServerSocket.<init>(ServerSocket.java:128) ~[na:1.8.0_31]
	at com.nhnent.HttpServer.run(HttpServer.java:53) ~[classes/:na]
11:06:49.252 [Thread-0] INFO  com.nhnent.HttpServer _-_ server started
11:06:49.272 [pool-1-thread-1] INFO  com.nhnent.RequestProcessor _-_ a.com _ / _ null
11:06:49.273 [pool-1-thread-2] INFO  com.nhnent.RequestProcessor _-_ a.com _ / _ null
11:06:49.288 [main] DEBUG test.HttpServerTest _-_ a.com : a.com
11:06:49.288 [main] DEBUG test.HttpServerTest _-_ a.com : a.com
11:07:29.006 [Thread-0] INFO  com.nhnent.HttpServer _-_ server started
11:07:29.032 [pool-1-thread-1] INFO  com.nhnent.RequestProcessor _-_ a.com _ / _ null
11:07:29.046 [main] DEBUG test.HttpServerTest _-_ a.com : a.com
11:07:31.774 [pool-1-thread-2] INFO  com.nhnent.RequestProcessor _-_ b.com _ / _ null
11:07:31.776 [main] DEBUG test.HttpServerTest _-_ b.com : b.com
11:07:44.191 [Thread-1] INFO  com.nhnent.HttpServer _-_ server started
11:07:44.209 [pool-1-thread-1] INFO  com.nhnent.RequestProcessor _-_ a.com _ / _ null
11:07:44.219 [pool-1-thread-2] INFO  com.nhnent.RequestProcessor _-_ a.com _ / _ null
11:08:20.032 [Thread-0] INFO  com.nhnent.HttpServer _-_ server started
11:08:20.052 [pool-1-thread-1] INFO  com.nhnent.RequestProcessor _-_ a.com _ / _ null
11:08:20.067 [main] DEBUG test.HttpServerTest _-_ a.com : a.com
11:08:20.077 [pool-1-thread-2] INFO  com.nhnent.RequestProcessor _-_ b.com _ / _ null
11:08:20.081 [main] DEBUG test.HttpServerTest _-_ b.com : b.com
11:14:15.779 [Thread-1] INFO  com.nhnent.HttpServer _-_ server started
11:14:15.840 [pool-1-thread-1] INFO  com.nhnent.RequestProcessor _-_ a.com _ / _ null
11:14:15.866 [pool-1-thread-2] INFO  com.nhnent.RequestProcessor _-_ a.com _ / _ null
11:16:27.807 [Thread-1] INFO  com.nhnent.HttpServer _-_ server started
11:16:31.270 [pool-3-thread-1] INFO  com.nhnent.RequestProcessor _-_ a.com _ / _ null
11:16:31.289 [pool-3-thread-2] INFO  com.nhnent.RequestProcessor _-_ a.com _ / _ null
11:16:50.630 [Thread-1] INFO  com.nhnent.HttpServer _-_ server started
11:16:56.715 [pool-1-thread-1] INFO  com.nhnent.RequestProcessor _-_ a.com _ / _ null
11:16:56.737 [pool-1-thread-2] INFO  com.nhnent.RequestProcessor _-_ a.com _ / _ null
11:17:31.766 [Thread-1] INFO  com.nhnent.HttpServer _-_ server started
11:17:47.091 [pool-1-thread-1] INFO  com.nhnent.RequestProcessor _-_ a.com _ / _ null
11:17:47.103 [pool-1-thread-2] INFO  com.nhnent.RequestProcessor _-_ a.com _ / _ null
11:18:02.000 [Thread-1] INFO  com.nhnent.HttpServer _-_ server started
11:19:05.884 [pool-1-thread-1] INFO  com.nhnent.RequestProcessor _-_ a.com _ / _ null
11:19:05.899 [pool-1-thread-2] INFO  com.nhnent.RequestProcessor _-_ a.com _ / _ null
11:20:01.035 [Thread-1] INFO  com.nhnent.HttpServer _-_ server started
11:20:32.725 [pool-1-thread-1] INFO  com.nhnent.RequestProcessor _-_ a.com _ / _ null
11:23:15.878 [pool-1-thread-2] INFO  com.nhnent.RequestProcessor _-_ a.com _ / _ null
11:25:39.634 [Thread-1] INFO  com.nhnent.HttpServer _-_ server started
11:25:42.801 [pool-1-thread-1] INFO  com.nhnent.RequestProcessor _-_ a.com _ / _ null
11:25:42.816 [pool-1-thread-2] INFO  com.nhnent.RequestProcessor _-_ a.com _ / _ null
11:25:52.503 [Thread-1] INFO  com.nhnent.HttpServer _-_ server started
11:28:13.246 [Thread-1] INFO  com.nhnent.HttpServer _-_ server started
11:28:51.651 [pool-1-thread-1] INFO  com.nhnent.RequestProcessor _-_ a.com _ / _ null
11:29:44.260 [pool-1-thread-2] INFO  com.nhnent.RequestProcessor _-_ a.com _ / _ null
11:29:53.741 [Thread-1] INFO  com.nhnent.HttpServer _-_ server started
11:30:00.662 [pool-1-thread-1] INFO  com.nhnent.RequestProcessor _-_ a.com _ / _ null
11:30:37.781 [pool-1-thread-2] INFO  com.nhnent.RequestProcessor _-_ a.com _ / _ null
11:33:23.621 [Thread-1] INFO  com.nhnent.HttpServer _-_ server started
11:33:26.991 [pool-1-thread-1] INFO  com.nhnent.RequestProcessor _-_ a.com _ / _ null
11:35:04.997 [pool-1-thread-2] INFO  com.nhnent.RequestProcessor _-_ a.com _ / _ null
11:35:30.509 [Thread-0] INFO  com.nhnent.HttpServer _-_ server started
11:35:35.309 [pool-1-thread-1] INFO  com.nhnent.RequestProcessor _-_ a.com _ / _ null
11:35:35.325 [main] DEBUG test.HttpServerTest _-_ a.com : a.com
11:35:35.337 [pool-1-thread-2] INFO  com.nhnent.RequestProcessor _-_ b.com _ / _ null
11:35:35.340 [main] DEBUG test.HttpServerTest _-_ b.com : b.com
11:35:45.547 [pool-1-thread-3] INFO  com.nhnent.RequestProcessor _-_ a.com _ / _ null
11:40:16.098 [Thread-1] ERROR com.nhnent.HttpServer _-_ {}
java.net.BindException: Address already in use: JVM_Bind
	at java.net.DualStackPlainSocketImpl.bind0(Native Method) ~[na:1.8.0_31]
	at java.net.DualStackPlainSocketImpl.socketBind(DualStackPlainSocketImpl.java:106) ~[na:1.8.0_31]
	at java.net.AbstractPlainSocketImpl.bind(AbstractPlainSocketImpl.java:382) ~[na:1.8.0_31]
	at java.net.PlainSocketImpl.bind(PlainSocketImpl.java:190) ~[na:1.8.0_31]
	at java.net.ServerSocket.bind(ServerSocket.java:375) ~[na:1.8.0_31]
	at java.net.ServerSocket.<init>(ServerSocket.java:237) ~[na:1.8.0_31]
	at java.net.ServerSocket.<init>(ServerSocket.java:128) ~[na:1.8.0_31]
	at com.nhnent.HttpServer.run(HttpServer.java:53) ~[classes/:na]
11:40:16.136 [pool-1-thread-4] INFO  com.nhnent.RequestProcessor _-_ a.com _ / _ null
11:40:20.302 [main] DEBUG test.HttpServerTest _-_ a.com : a.com
11:40:20.317 [pool-1-thread-5] INFO  com.nhnent.RequestProcessor _-_ b.com _ / _ null
11:40:20.319 [main] DEBUG test.HttpServerTest _-_ b.com : b.com
11:40:32.938 [Thread-1] ERROR com.nhnent.HttpServer _-_ {}
java.net.BindException: Address already in use: JVM_Bind
	at java.net.DualStackPlainSocketImpl.bind0(Native Method) ~[na:1.8.0_31]
	at java.net.DualStackPlainSocketImpl.socketBind(DualStackPlainSocketImpl.java:106) ~[na:1.8.0_31]
	at java.net.AbstractPlainSocketImpl.bind(AbstractPlainSocketImpl.java:382) ~[na:1.8.0_31]
	at java.net.PlainSocketImpl.bind(PlainSocketImpl.java:190) ~[na:1.8.0_31]
	at java.net.ServerSocket.bind(ServerSocket.java:375) ~[na:1.8.0_31]
	at java.net.ServerSocket.<init>(ServerSocket.java:237) ~[na:1.8.0_31]
	at java.net.ServerSocket.<init>(ServerSocket.java:128) ~[na:1.8.0_31]
	at com.nhnent.HttpServer.run(HttpServer.java:53) ~[classes/:na]
11:40:32.949 [pool-1-thread-6] INFO  com.nhnent.RequestProcessor _-_ a.com _ / _ null
11:40:32.952 [main] DEBUG test.HttpServerTest _-_ a.com : a.com
11:40:32.963 [pool-1-thread-7] INFO  com.nhnent.RequestProcessor _-_ b.com _ / _ null
11:40:32.964 [main] DEBUG test.HttpServerTest _-_ b.com : b.com
12:01:02.447 [Thread-1] ERROR com.nhnent.HttpServer _-_ {}
java.net.BindException: Address already in use: JVM_Bind
	at java.net.DualStackPlainSocketImpl.bind0(Native Method) ~[na:1.8.0_31]
	at java.net.DualStackPlainSocketImpl.socketBind(DualStackPlainSocketImpl.java:106) ~[na:1.8.0_31]
	at java.net.AbstractPlainSocketImpl.bind(AbstractPlainSocketImpl.java:382) ~[na:1.8.0_31]
	at java.net.PlainSocketImpl.bind(PlainSocketImpl.java:190) ~[na:1.8.0_31]
	at java.net.ServerSocket.bind(ServerSocket.java:375) ~[na:1.8.0_31]
	at java.net.ServerSocket.<init>(ServerSocket.java:237) ~[na:1.8.0_31]
	at java.net.ServerSocket.<init>(ServerSocket.java:128) ~[na:1.8.0_31]
	at com.nhnent.HttpServer.run(HttpServer.java:53) ~[classes/:na]
12:01:02.469 [pool-1-thread-8] INFO  com.nhnent.RequestProcessor _-_ a.com _ / _ null
12:01:02.476 [main] DEBUG test.HttpServerTest _-_ a.com : a.com
12:01:02.486 [pool-1-thread-9] INFO  com.nhnent.RequestProcessor _-_ b.com _ / _ null
12:01:02.489 [main] DEBUG test.HttpServerTest _-_ b.com : b.com
12:01:33.733 [Thread-1] ERROR com.nhnent.HttpServer _-_ {}
java.net.BindException: Address already in use: JVM_Bind
	at java.net.DualStackPlainSocketImpl.bind0(Native Method) ~[na:1.8.0_31]
	at java.net.DualStackPlainSocketImpl.socketBind(DualStackPlainSocketImpl.java:106) ~[na:1.8.0_31]
	at java.net.AbstractPlainSocketImpl.bind(AbstractPlainSocketImpl.java:382) ~[na:1.8.0_31]
	at java.net.PlainSocketImpl.bind(PlainSocketImpl.java:190) ~[na:1.8.0_31]
	at java.net.ServerSocket.bind(ServerSocket.java:375) ~[na:1.8.0_31]
	at java.net.ServerSocket.<init>(ServerSocket.java:237) ~[na:1.8.0_31]
	at java.net.ServerSocket.<init>(ServerSocket.java:128) ~[na:1.8.0_31]
	at com.nhnent.HttpServer.run(HttpServer.java:53) ~[classes/:na]
12:01:33.747 [pool-1-thread-10] INFO  com.nhnent.RequestProcessor _-_ a.com _ / _ null
12:01:33.751 [main] DEBUG test.HttpServerTest _-_ a.com : a.com
12:01:33.763 [pool-1-thread-11] INFO  com.nhnent.RequestProcessor _-_ b.com _ / _ null
12:01:33.766 [main] DEBUG test.HttpServerTest _-_ b.com : b.com
12:02:01.626 [Thread-1] ERROR com.nhnent.HttpServer _-_ {}
java.net.BindException: Address already in use: JVM_Bind
	at java.net.DualStackPlainSocketImpl.bind0(Native Method) ~[na:1.8.0_31]
	at java.net.DualStackPlainSocketImpl.socketBind(DualStackPlainSocketImpl.java:106) ~[na:1.8.0_31]
	at java.net.AbstractPlainSocketImpl.bind(AbstractPlainSocketImpl.java:382) ~[na:1.8.0_31]
	at java.net.PlainSocketImpl.bind(PlainSocketImpl.java:190) ~[na:1.8.0_31]
	at java.net.ServerSocket.bind(ServerSocket.java:375) ~[na:1.8.0_31]
	at java.net.ServerSocket.<init>(ServerSocket.java:237) ~[na:1.8.0_31]
	at java.net.ServerSocket.<init>(ServerSocket.java:128) ~[na:1.8.0_31]
	at com.nhnent.HttpServer.run(HttpServer.java:53) ~[classes/:na]
12:02:27.597 [Thread-1] INFO  com.nhnent.HttpServer _-_ server started
12:02:46.068 [pool-1-thread-1] INFO  com.nhnent.RequestProcessor _-_ a.com _ / _ null
12:02:46.079 [pool-1-thread-2] INFO  com.nhnent.RequestProcessor _-_ a.com _ / _ null
12:03:57.693 [Thread-1] INFO  com.nhnent.HttpServer _-_ server started
12:04:24.914 [Thread-1] INFO  com.nhnent.HttpServer _-_ server started
12:04:41.600 [pool-1-thread-1] INFO  com.nhnent.RequestProcessor _-_ a.com _ / _ null
12:04:41.613 [pool-1-thread-2] INFO  com.nhnent.RequestProcessor _-_ a.com _ / _ null
12:05:03.863 [Thread-0] INFO  com.nhnent.HttpServer _-_ server started
12:05:04.380 [pool-1-thread-1] INFO  com.nhnent.RequestProcessor _-_ a.com _ / _ null
12:05:04.418 [main] DEBUG test.HttpServerTest _-_ a.com : a.com
12:05:04.429 [pool-1-thread-2] INFO  com.nhnent.RequestProcessor _-_ b.com _ / _ null
12:05:04.432 [main] DEBUG test.HttpServerTest _-_ b.com : b.com
12:05:35.851 [Thread-0] INFO  com.nhnent.HttpServer _-_ server started
12:05:42.360 [pool-1-thread-1] INFO  com.nhnent.RequestProcessor _-_ a.com _ / _ null
12:05:52.566 [main] DEBUG test.HttpServerTest _-_ a.com : a.com
12:05:59.670 [Thread-0] INFO  com.nhnent.HttpServer _-_ server started
12:05:59.703 [pool-1-thread-1] INFO  com.nhnent.RequestProcessor _-_ a.com _ / _ null
12:06:51.002 [main] DEBUG test.HttpServerTest _-_ a.com : a.com
12:06:51.015 [pool-1-thread-2] INFO  com.nhnent.RequestProcessor _-_ b.com _ / _ null
12:06:51.019 [main] DEBUG test.HttpServerTest _-_ b.com : b.com
12:06:55.247 [Thread-0] INFO  com.nhnent.HttpServer _-_ server started
12:07:49.650 [pool-1-thread-1] INFO  com.nhnent.RequestProcessor _-_ a.com _ / _ null
12:07:52.625 [main] DEBUG test.HttpServerTest _-_ a.com : a.com
12:07:52.642 [pool-1-thread-2] INFO  com.nhnent.RequestProcessor _-_ b.com _ / _ null
12:07:53.244 [main] DEBUG test.HttpServerTest _-_ b.com : b.com
12:08:00.108 [Thread-0] INFO  com.nhnent.HttpServer _-_ server started
12:08:00.629 [pool-1-thread-1] INFO  com.nhnent.RequestProcessor _-_ a.com _ / _ null
12:08:00.652 [main] DEBUG test.HttpServerTest _-_ a.com : a.com
12:08:00.664 [pool-1-thread-2] INFO  com.nhnent.RequestProcessor _-_ b.com _ / _ null
12:08:00.666 [main] DEBUG test.HttpServerTest _-_ b.com : b.com
12:08:12.002 [Thread-0] INFO  com.nhnent.HttpServer _-_ server started
12:08:19.220 [pool-1-thread-1] INFO  com.nhnent.RequestProcessor _-_ a.com _ / _ null
12:11:03.647 [main] DEBUG test.HttpServerTest _-_ a.com : a.com
12:11:12.115 [Thread-1] INFO  com.nhnent.HttpServer _-_ server started
12:11:18.378 [pool-1-thread-1] INFO  com.nhnent.RequestProcessor _-_ a.com _ / _ null
12:11:43.697 [Thread-0] INFO  com.nhnent.HttpServer _-_ server started
12:11:57.901 [pool-1-thread-1] INFO  com.nhnent.RequestProcessor _-_ a.com _ / _ null
12:14:09.770 [main] DEBUG test.HttpServerTest _-_ a.com : a.com
12:14:14.960 [Thread-0] INFO  com.nhnent.HttpServer _-_ server started
12:14:20.854 [Thread-1] INFO  com.nhnent.HttpServer _-_ server started
12:14:20.875 [pool-1-thread-1] INFO  com.nhnent.RequestProcessor _-_ a.com _ / _ null
12:14:20.890 [pool-1-thread-2] INFO  com.nhnent.RequestProcessor _-_ a.com _ / _ null
12:15:54.820 [Thread-1] INFO  com.nhnent.HttpServer _-_ server started
12:18:01.622 [Thread-1] INFO  com.nhnent.HttpServer _-_ server started
12:18:11.991 [Thread-1] INFO  com.nhnent.HttpServer _-_ server started
12:18:12.009 [pool-1-thread-1] INFO  com.nhnent.RequestProcessor _-_ a.com _ / _ null
12:18:12.020 [pool-1-thread-2] INFO  com.nhnent.RequestProcessor _-_ a.com _ / _ null
12:18:28.568 [Thread-1] INFO  com.nhnent.HttpServer _-_ server started
12:18:28.588 [pool-1-thread-1] INFO  com.nhnent.RequestProcessor _-_ a.com _ / _ null
12:18:28.602 [pool-1-thread-2] INFO  com.nhnent.RequestProcessor _-_ a.com _ / _ null
12:19:02.843 [Thread-1] INFO  com.nhnent.HttpServer _-_ server started
12:19:02.868 [pool-1-thread-1] INFO  com.nhnent.RequestProcessor _-_ a.com _ / _ null
12:19:02.882 [pool-1-thread-2] INFO  com.nhnent.RequestProcessor _-_ a.com _ / _ null
12:21:01.575 [Thread-1] INFO  com.nhnent.HttpServer _-_ server started
12:21:01.596 [pool-1-thread-1] INFO  com.nhnent.RequestProcessor _-_ a.com _ / _ null
12:21:01.607 [pool-1-thread-2] INFO  com.nhnent.RequestProcessor _-_ a.com _ / _ null
12:22:09.783 [Thread-1] INFO  com.nhnent.HttpServer _-_ server started
12:22:09.799 [pool-1-thread-1] INFO  com.nhnent.RequestProcessor _-_ a.com _ / _ null
12:22:09.809 [pool-1-thread-2] INFO  com.nhnent.RequestProcessor _-_ a.com _ / _ null
12:32:06.607 [Thread-0] INFO  com.nhnent.HttpServer _-_ server started
12:32:06.638 [pool-1-thread-1] INFO  com.nhnent.RequestProcessor _-_ a.com _ / _ null
12:32:06.657 [main] DEBUG test.HttpServerTest _-_ a.com : a.com
12:32:06.676 [pool-1-thread-2] INFO  com.nhnent.RequestProcessor _-_ b.com _ / _ null
12:32:06.679 [main] DEBUG test.HttpServerTest _-_ b.com : b.com
12:36:45.538 [Thread-0] INFO  com.nhnent.HttpServer _-_ server started
12:36:45.558 [pool-1-thread-1] INFO  com.nhnent.RequestProcessor _-_ a.com _ / _ null
12:36:45.572 [main] DEBUG test.HttpServerTest _-_ a.com : a.com
12:36:45.585 [pool-1-thread-2] INFO  com.nhnent.RequestProcessor _-_ b.com _ / _ null
12:36:45.588 [main] DEBUG test.HttpServerTest _-_ b.com : b.com
12:36:45.601 [pool-1-thread-3] INFO  com.nhnent.RequestProcessor _-_ a.com _ /service.Error _ null
12:36:45.605 [main] DEBUG test.HttpServerTest _-_ a.com : a.com
12:36:45.616 [pool-1-thread-4] INFO  com.nhnent.RequestProcessor _-_ a.com _ /../../../../test _ null
12:36:45.619 [main] DEBUG test.HttpServerTest _-_ a.com : a.com
12:37:33.824 [Thread-0] INFO  com.nhnent.HttpServer _-_ server started
12:37:34.547 [pool-1-thread-1] INFO  com.nhnent.RequestProcessor _-_ a.com _ /test _ null
12:37:34.906 [pool-1-thread-2] INFO  com.nhnent.RequestProcessor _-_ a.com _ /favicon.ico _ null
12:38:02.292 [Thread-0] INFO  com.nhnent.HttpServer _-_ server started
12:38:02.317 [pool-1-thread-1] INFO  com.nhnent.RequestProcessor _-_ a.com _ / _ null
12:38:02.336 [main] DEBUG test.HttpServerTest _-_ a.com : a.com
12:38:02.353 [pool-1-thread-2] INFO  com.nhnent.RequestProcessor _-_ b.com _ / _ null
12:38:02.356 [main] DEBUG test.HttpServerTest _-_ b.com : b.com
12:38:07.301 [Thread-0] INFO  com.nhnent.HttpServer _-_ server started
12:38:10.177 [pool-1-thread-1] INFO  com.nhnent.RequestProcessor _-_ a.com _ / _ null
12:38:10.199 [main] DEBUG test.HttpServerTest _-_ a.com : a.com
12:38:10.210 [pool-1-thread-2] INFO  com.nhnent.RequestProcessor _-_ b.com _ / _ null
12:38:10.212 [main] DEBUG test.HttpServerTest _-_ b.com : b.com
12:38:24.229 [Thread-0] INFO  com.nhnent.HttpServer _-_ server started
12:38:24.251 [pool-1-thread-1] INFO  com.nhnent.RequestProcessor _-_ a.com _ / _ null
12:38:24.268 [main] DEBUG test.HttpServerTest _-_ a.com : a.com
12:38:24.279 [pool-1-thread-2] INFO  com.nhnent.RequestProcessor _-_ b.com _ / _ null
12:38:24.282 [main] DEBUG test.HttpServerTest _-_ b.com : b.com
12:38:24.295 [pool-1-thread-3] INFO  com.nhnent.RequestProcessor _-_ a.com _ /service.Error _ null
12:39:40.054 [main] DEBUG test.HttpServerTest _-_ a.com : a.com
12:42:29.730 [Thread-0] INFO  com.nhnent.HttpServer _-_ server started
12:42:29.751 [pool-1-thread-1] INFO  com.nhnent.RequestProcessor _-_ a.com _ /service.Error _ null
12:42:29.768 [main] DEBUG test.HttpServerTest _-_ statusCode : 404, url : http://a.com:8080/service.Error
12:42:29.779 [pool-1-thread-2] INFO  com.nhnent.RequestProcessor _-_ a.com _ /../../../../test _ null
12:42:29.781 [main] DEBUG test.HttpServerTest _-_ statusCode : 403, url : http://a.com:8080/../../../../test
12:43:06.982 [Thread-0] INFO  com.nhnent.HttpServer _-_ server started
12:43:07.005 [pool-1-thread-1] INFO  com.nhnent.RequestProcessor _-_ a.com _ /service.Error _ null
12:43:07.027 [main] DEBUG test.HttpServerTest _-_ statusCode : 500, url : http://a.com:8080/service.Error
12:43:07.037 [pool-1-thread-2] INFO  com.nhnent.RequestProcessor _-_ a.com _ /notFound _ null
12:43:07.039 [main] DEBUG test.HttpServerTest _-_ statusCode : 404, url : http://a.com:8080/notFound
12:43:07.049 [pool-1-thread-3] INFO  com.nhnent.RequestProcessor _-_ a.com _ /../../../../test _ null
12:43:07.051 [main] DEBUG test.HttpServerTest _-_ statusCode : 403, url : http://a.com:8080/../../../../test
12:43:07.062 [pool-1-thread-4] INFO  com.nhnent.RequestProcessor _-_ a.com _ / _ null
12:43:07.064 [main] DEBUG test.HttpServerTest _-_ a.com : a.com
12:43:07.078 [pool-1-thread-5] INFO  com.nhnent.RequestProcessor _-_ b.com _ / _ null
12:43:07.080 [main] DEBUG test.HttpServerTest _-_ b.com : b.com
12:45:33.388 [Thread-0] INFO  com.nhnent.HttpServer _-_ server started
12:45:33.413 [pool-1-thread-1] INFO  com.nhnent.RequestProcessor _-_ a.com _ / _ null
12:45:33.428 [main] DEBUG test.HttpServerTest _-_ a.com : a.com
12:45:33.441 [pool-1-thread-2] INFO  com.nhnent.RequestProcessor _-_ b.com _ / _ null
12:45:33.443 [main] DEBUG test.HttpServerTest _-_ b.com : b.com
12:45:33.456 [pool-1-thread-3] INFO  com.nhnent.RequestProcessor _-_ a.com _ /service.Date _ null
12:45:33.480 [pool-1-thread-4] INFO  com.nhnent.RequestProcessor _-_ a.com _ /service.Error _ null
12:45:33.483 [main] DEBUG test.HttpServerTest _-_ statusCode : 500, url : http://a.com:8080/service.Error
12:45:33.493 [pool-1-thread-5] INFO  com.nhnent.RequestProcessor _-_ a.com _ /notFound _ null
12:45:33.496 [main] DEBUG test.HttpServerTest _-_ statusCode : 404, url : http://a.com:8080/notFound
12:45:33.507 [pool-1-thread-6] INFO  com.nhnent.RequestProcessor _-_ a.com _ /../../../../test _ null
12:45:33.509 [main] DEBUG test.HttpServerTest _-_ statusCode : 403, url : http://a.com:8080/../../../../test
12:45:53.407 [Thread-0] INFO  com.nhnent.HttpServer _-_ server started
12:45:58.688 [pool-1-thread-1] INFO  com.nhnent.RequestProcessor _-_ a.com _ /service.Date _ null
12:46:50.615 [Thread-0] INFO  com.nhnent.HttpServer _-_ server started
12:46:50.645 [pool-1-thread-1] INFO  com.nhnent.RequestProcessor _-_ a.com _ /service.Date _ null
12:46:55.904 [Thread-0] INFO  com.nhnent.HttpServer _-_ server started
12:46:55.926 [pool-1-thread-1] INFO  com.nhnent.RequestProcessor _-_ a.com _ / _ null
12:46:55.957 [main] DEBUG test.HttpServerTest _-_ a.com : a.com
12:46:55.973 [pool-1-thread-2] INFO  com.nhnent.RequestProcessor _-_ b.com _ / _ null
12:46:55.977 [main] DEBUG test.HttpServerTest _-_ b.com : b.com
12:46:55.992 [pool-1-thread-3] INFO  com.nhnent.RequestProcessor _-_ a.com _ /service.Date _ null
12:46:56.027 [pool-1-thread-4] INFO  com.nhnent.RequestProcessor _-_ a.com _ /service.Error _ null
12:46:56.036 [main] DEBUG test.HttpServerTest _-_ statusCode : 500, url : http://a.com:8080/service.Error
12:46:56.054 [pool-1-thread-5] INFO  com.nhnent.RequestProcessor _-_ a.com _ /notFound _ null
12:46:56.057 [main] DEBUG test.HttpServerTest _-_ statusCode : 404, url : http://a.com:8080/notFound
12:46:56.073 [pool-1-thread-6] INFO  com.nhnent.RequestProcessor _-_ a.com _ /../../../../test _ null
12:46:56.075 [main] DEBUG test.HttpServerTest _-_ statusCode : 403, url : http://a.com:8080/../../../../test
12:47:32.138 [Thread-0] INFO  com.nhnent.HttpServer _-_ server started
12:47:32.164 [pool-1-thread-1] INFO  com.nhnent.RequestProcessor _-_ a.com _ /service.Error _ null
12:47:32.202 [main] DEBUG test.HttpServerTest _-_ statusCode : 500, url : http://a.com:8080/service.Error
12:47:32.213 [pool-1-thread-2] INFO  com.nhnent.RequestProcessor _-_ a.com _ /notFound _ null
12:47:32.217 [main] DEBUG test.HttpServerTest _-_ statusCode : 404, url : http://a.com:8080/notFound
12:47:32.227 [pool-1-thread-3] INFO  com.nhnent.RequestProcessor _-_ a.com _ /../../../../test _ null
12:47:32.229 [main] DEBUG test.HttpServerTest _-_ statusCode : 403, url : http://a.com:8080/../../../../test
12:47:32.242 [pool-1-thread-4] INFO  com.nhnent.RequestProcessor _-_ a.com _ / _ null
12:47:32.245 [main] DEBUG test.HttpServerTest _-_ a.com : a.com
12:47:32.255 [pool-1-thread-5] INFO  com.nhnent.RequestProcessor _-_ b.com _ / _ null
12:47:32.257 [main] DEBUG test.HttpServerTest _-_ b.com : b.com
12:47:32.268 [pool-1-thread-6] INFO  com.nhnent.RequestProcessor _-_ a.com _ /service.Date _ null
12:47:32.271 [main] DEBUG test.HttpServerTest _-_ Date a.com : 2015-11-03T12:47:32
12:53:39.524 [Thread-0] INFO  com.nhnent.HttpServer _-_ server started
12:53:39.552 [pool-1-thread-1] INFO  com.nhnent.RequestProcessor _-_ a.com _ /service.Date _ null
12:53:39.563 [main] DEBUG test.HttpServerTest _-_ Date a.com : 2015-11-03T12:53:39
12:54:07.076 [Thread-0] INFO  com.nhnent.HttpServer _-_ server started
12:54:07.099 [pool-1-thread-1] INFO  com.nhnent.RequestProcessor _-_ a.com _ /service.Date _ null
12:54:07.107 [main] DEBUG test.HttpServerTest _-_ Date a.com : 2015-11-03T12:54:07
12:54:07.108 [main] DEBUG test.HttpServerTest _-_ now : Tue Nov 03 12:54:07 KST 2015, resultDate : Tue Nov 03 12:54:07 KST 2015
12:54:40.137 [Thread-0] INFO  com.nhnent.HttpServer _-_ server started
12:54:40.161 [pool-1-thread-1] INFO  com.nhnent.RequestProcessor _-_ a.com _ /service.Error _ null
12:54:40.188 [main] DEBUG test.HttpServerTest _-_ statusCode : 500, url : http://a.com:8080/service.Error
12:54:40.200 [pool-1-thread-2] INFO  com.nhnent.RequestProcessor _-_ a.com _ /notFound _ null
12:54:40.202 [main] DEBUG test.HttpServerTest _-_ statusCode : 404, url : http://a.com:8080/notFound
12:54:40.213 [pool-1-thread-3] INFO  com.nhnent.RequestProcessor _-_ a.com _ /../../../../test _ null
12:54:40.215 [main] DEBUG test.HttpServerTest _-_ statusCode : 403, url : http://a.com:8080/../../../../test
12:54:40.227 [pool-1-thread-4] INFO  com.nhnent.RequestProcessor _-_ a.com _ / _ null
12:54:40.229 [main] DEBUG test.HttpServerTest _-_ a.com : a.com
12:54:40.241 [pool-1-thread-5] INFO  com.nhnent.RequestProcessor _-_ b.com _ / _ null
12:54:40.245 [main] DEBUG test.HttpServerTest _-_ b.com : b.com
12:54:40.256 [pool-1-thread-6] INFO  com.nhnent.RequestProcessor _-_ a.com _ /service.Date _ null
12:54:40.261 [main] DEBUG test.HttpServerTest _-_ Date a.com : 2015-11-03T12:54:40
12:54:40.261 [main] DEBUG test.HttpServerTest _-_ now : Tue Nov 03 12:54:40 KST 2015, resultDate : Tue Nov 03 12:54:40 KST 2015
15:13:59.280 [Thread-0] INFO  com.nhnent.HttpServer _-_ server started
15:16:15.955 [Thread-0] INFO  com.nhnent.HttpServer _-_ server started
15:16:36.033 [main] DEBUG com.nhnent.HttpServer _-_ add server : a.com , document_root : webapp_a/target/classes
15:16:36.036 [main] DEBUG com.nhnent.HttpServer _-_ add server : b.com , document_root : webapp_b/target/classes
15:16:36.051 [Thread-0] INFO  com.nhnent.HttpServer _-_ server started
15:18:01.812 [main] DEBUG com.nhnent.HttpServer _-_ add server : a.com , document_root : webapp_a/target/classes
15:18:01.815 [main] DEBUG com.nhnent.HttpServer _-_ add server : b.com , document_root : webapp_b/target/classes
15:18:01.831 [Thread-0] INFO  com.nhnent.HttpServer _-_ server started port : 8080
15:20:27.044 [main] DEBUG com.nhnent.HttpServer _-_ add server : a.com , document_root : webapp_a/target/classes
15:20:27.047 [main] DEBUG com.nhnent.HttpServer _-_ add server : b.com , document_root : webapp_b/target/classes
15:20:27.063 [Thread-0] INFO  com.nhnent.HttpServer _-_ server started port : 8080
15:20:42.402 [Thread-0] DEBUG com.nhnent.HttpServer _-_ Socket[addr=/127.0.0.1,port=62804,localport=8080]
15:20:42.421 [pool-1-thread-1] INFO  com.nhnent.RequestProcessor _-_ a.com _ / _ null
15:20:45.965 [Thread-0] DEBUG com.nhnent.HttpServer _-_ Socket[addr=/127.0.0.1,port=62810,localport=8080]
15:20:45.974 [pool-1-thread-2] INFO  com.nhnent.RequestProcessor _-_ b.com _ / _ null
15:20:46.263 [Thread-0] DEBUG com.nhnent.HttpServer _-_ Socket[addr=/127.0.0.1,port=62815,localport=8080]
15:20:46.272 [pool-1-thread-3] INFO  com.nhnent.RequestProcessor _-_ b.com _ /favicon.ico _ null
15:23:02.707 [main] DEBUG com.nhnent.HttpServer _-_ add server : a.com , document_root : webapp_a/target/classes
15:23:02.711 [main] DEBUG com.nhnent.HttpServer _-_ add server : b.com , document_root : webapp_b/target/classes
15:23:02.726 [Thread-0] INFO  com.nhnent.HttpServer _-_ server started port : 8080
15:23:14.154 [main] DEBUG com.nhnent.HttpServer _-_ add server : a.com , document_root : webapp_a/target/classes
15:23:14.157 [main] DEBUG com.nhnent.HttpServer _-_ add server : b.com , document_root : webapp_b/target/classes
15:23:14.172 [Thread-0] INFO  com.nhnent.HttpServer _-_ server started port : 8080
15:23:15.984 [Thread-0] INFO  com.nhnent.RequestProcessor _-_ GET / HTTP/1.1
15:23:21.073 [Thread-0] INFO  com.nhnent.RequestProcessor _-_ GET /aaa HTTP/1.1
15:25:14.176 [main] INFO  com.nhnent.HttpServer _-_ HttpServer init
15:25:14.184 [main] DEBUG com.nhnent.HttpServer _-_ add server : a.com , document_root : webapp_a/target/classes
15:25:14.186 [main] DEBUG com.nhnent.HttpServer _-_ add server : b.com , document_root : webapp_b/target/classes
15:25:14.200 [Thread-0] INFO  com.nhnent.HttpServer _-_ server started port : 8080
15:25:18.964 [Thread-0] INFO  com.nhnent.RequestProcessor _-_ b.com / GET /aaa HTTP/1.1
15:25:21.830 [Thread-0] INFO  com.nhnent.RequestProcessor _-_ a.com / GET /aaa HTTP/1.1
15:25:26.117 [Thread-0] INFO  com.nhnent.RequestProcessor _-_ a.com / GET /Hello?name=haha HTTP/1.1
15:25:28.947 [Thread-0] INFO  com.nhnent.RequestProcessor _-_ a.com / GET / HTTP/1.1
15:25:34.891 [Thread-0] INFO  com.nhnent.RequestProcessor _-_ a.com / GET /service.Hello HTTP/1.1
15:25:37.633 [Thread-0] INFO  com.nhnent.RequestProcessor _-_ a.com / GET /service.Error HTTP/1.1
15:26:00.337 [Thread-0] INFO  com.nhnent.RequestProcessor _-_ a.com / GET /service.Date HTTP/1.1
15:26:05.056 [Thread-0] INFO  com.nhnent.RequestProcessor _-_ b.com / GET /service.Date HTTP/1.1
15:45:18.873 [main] INFO  com.nhnent.HttpServer _-_ HttpServer init
15:45:18.887 [main] DEBUG com.nhnent.HttpServer _-_ add server : a.com , document_root : webapp_a/target/classes
15:45:18.890 [main] DEBUG com.nhnent.HttpServer _-_ add server : b.com , document_root : webapp_b/target/classes
15:45:18.897 [Thread-0] INFO  com.nhnent.HttpServer _-_ server started port : 8080
15:45:18.923 [Thread-0] INFO  com.nhnent.RequestProcessor _-_ a.com : GET /service.Error HTTP/1.1
15:45:18.952 [main] DEBUG test.HttpServerTest _-_ statusCode : 500, url : http://a.com:8080/service.Error
15:45:18.960 [Thread-0] INFO  com.nhnent.RequestProcessor _-_ a.com : GET /notFound HTTP/1.1
15:45:18.963 [main] DEBUG test.HttpServerTest _-_ statusCode : 404, url : http://a.com:8080/notFound
15:45:18.969 [Thread-0] INFO  com.nhnent.RequestProcessor _-_ a.com : GET /../../../../test HTTP/1.1
15:45:18.972 [main] DEBUG test.HttpServerTest _-_ statusCode : 403, url : http://a.com:8080/../../../../test
15:45:18.983 [Thread-0] INFO  com.nhnent.RequestProcessor _-_ a.com : GET / HTTP/1.1
15:45:18.986 [main] DEBUG test.HttpServerTest _-_ a.com : a.com
15:45:18.995 [Thread-0] INFO  com.nhnent.RequestProcessor _-_ b.com : GET / HTTP/1.1
15:45:18.997 [main] DEBUG test.HttpServerTest _-_ b.com : b.com
15:45:19.008 [Thread-0] INFO  com.nhnent.RequestProcessor _-_ a.com : GET /service.Date HTTP/1.1
15:45:19.013 [main] DEBUG test.HttpServerTest _-_ Date a.com : 2015-11-03T15:45:19
15:45:19.014 [main] DEBUG test.HttpServerTest _-_ now : Tue Nov 03 15:45:19 KST 2015, resultDate : Tue Nov 03 15:45:19 KST 2015
15:53:53.311 [main] INFO  com.nhnent.HttpServer _-_ HttpServer init
15:53:53.323 [main] DEBUG com.nhnent.HttpServer _-_ add server : a.com , document_root : webapp_a/target/classes
15:53:53.325 [main] DEBUG com.nhnent.HttpServer _-_ add server : b.com , document_root : webapp_b/target/classes
15:53:53.332 [Thread-0] INFO  com.nhnent.HttpServer _-_ server started port : 8080
15:53:53.351 [Thread-0] INFO  com.nhnent.RequestProcessor _-_ a.com : GET / HTTP/1.1
15:53:53.363 [main] DEBUG test.HttpServerTest _-_ <html>
15:53:53.363 [main] DEBUG test.HttpServerTest _-_ <body>
15:53:53.363 [main] DEBUG test.HttpServerTest _-_ a.com
15:53:53.364 [main] DEBUG test.HttpServerTest _-_ </body>
15:53:53.364 [main] DEBUG test.HttpServerTest _-_ </html>
15:56:18.802 [main] INFO  com.nhnent.HttpServer _-_ HttpServer init
15:56:18.814 [main] DEBUG com.nhnent.HttpServer _-_ add server : a.com , document_root : webapp_a/target/classes
15:56:18.816 [main] DEBUG com.nhnent.HttpServer _-_ add server : b.com , document_root : webapp_b/target/classes
15:56:18.823 [Thread-0] INFO  com.nhnent.HttpServer _-_ server started port : 8080
15:56:57.161 [main] INFO  com.nhnent.HttpServer _-_ HttpServer init
15:56:57.172 [main] DEBUG com.nhnent.HttpServer _-_ add server : a.com , document_root : webapp_a/target/classes
15:56:57.175 [main] DEBUG com.nhnent.HttpServer _-_ add server : b.com , document_root : webapp_b/target/classes
15:56:57.181 [Thread-0] INFO  com.nhnent.HttpServer _-_ server started port : 8080
15:57:39.426 [main] INFO  com.nhnent.HttpServer _-_ HttpServer init
15:57:39.439 [main] DEBUG com.nhnent.HttpServer _-_ add server : a.com , document_root : webapp_a/target/classes
15:57:39.442 [main] DEBUG com.nhnent.HttpServer _-_ add server : b.com , document_root : webapp_b/target/classes
15:57:39.449 [Thread-0] INFO  com.nhnent.HttpServer _-_ server started port : 8080
15:57:39.469 [Thread-0] INFO  com.nhnent.RequestProcessor _-_ a.com : GET / HTTP/1.1
15:57:39.485 [main] DEBUG test.HttpServerTest _-_ <html>
15:57:39.486 [main] DEBUG test.HttpServerTest _-_ <body>
15:57:39.486 [main] DEBUG test.HttpServerTest _-_ a.com
15:57:39.486 [main] DEBUG test.HttpServerTest _-_ </body>
15:57:39.486 [main] DEBUG test.HttpServerTest _-_ </html>
15:58:14.037 [main] INFO  com.nhnent.HttpServer _-_ HttpServer init
15:58:14.050 [main] DEBUG com.nhnent.HttpServer _-_ add server : a.com , document_root : webapp_a/target/classes
15:58:14.053 [main] DEBUG com.nhnent.HttpServer _-_ add server : b.com , document_root : webapp_b/target/classes
15:58:14.060 [Thread-0] INFO  com.nhnent.HttpServer _-_ server started port : 8080
15:58:55.052 [main] INFO  com.nhnent.HttpServer _-_ HttpServer init
15:58:55.069 [main] DEBUG com.nhnent.HttpServer _-_ add server : a.com , document_root : webapp_a/target/classes
15:58:55.072 [main] DEBUG com.nhnent.HttpServer _-_ add server : b.com , document_root : webapp_b/target/classes
15:58:55.080 [Thread-0] INFO  com.nhnent.HttpServer _-_ server started port : 8080
15:59:16.205 [main] INFO  com.nhnent.HttpServer _-_ HttpServer init
15:59:16.216 [main] DEBUG com.nhnent.HttpServer _-_ add server : a.com , document_root : webapp_a/target/classes
15:59:16.218 [main] DEBUG com.nhnent.HttpServer _-_ add server : b.com , document_root : webapp_b/target/classes
15:59:16.225 [Thread-0] INFO  com.nhnent.HttpServer _-_ server started port : 8080
15:59:30.697 [main] INFO  com.nhnent.HttpServer _-_ HttpServer init
15:59:30.711 [main] DEBUG com.nhnent.HttpServer _-_ add server : a.com , document_root : webapp_a/target/classes
15:59:30.715 [main] DEBUG com.nhnent.HttpServer _-_ add server : b.com , document_root : webapp_b/target/classes
15:59:30.721 [Thread-0] INFO  com.nhnent.HttpServer _-_ server started port : 8080
15:59:52.933 [Thread-0] INFO  com.nhnent.RequestProcessor _-_ a.com : POST / HTTP/1.1
16:01:31.128 [main] INFO  com.nhnent.HttpServer _-_ HttpServer init
16:01:31.140 [main] DEBUG com.nhnent.HttpServer _-_ add server : a.com , document_root : webapp_a/target/classes
16:01:31.142 [main] DEBUG com.nhnent.HttpServer _-_ add server : b.com , document_root : webapp_b/target/classes
16:01:31.149 [Thread-0] INFO  com.nhnent.HttpServer _-_ server started port : 8080
16:24:53.191 [main] INFO  com.nhnent.HttpServer - 25 - HttpServer init
16:24:53.202 [main] DEBUG com.nhnent.HttpServer - 49 - add server : a.com , document_root : webapp_a/target/classes
16:24:53.204 [main] DEBUG com.nhnent.HttpServer - 49 - add server : b.com , document_root : webapp_b/target/classes
16:24:53.211 [Thread-0] INFO  com.nhnent.HttpServer - 57 - server started port : 8080
16:24:53.232 [Thread-0] INFO  com.nhnent.RequestProcessor - 52 - a.com : GET / HTTP/1.1
16:24:53.243 [main] DEBUG test.HttpServerTest - 49 - a.com : a.com
16:24:53.251 [Thread-0] INFO  com.nhnent.RequestProcessor - 52 - b.com : GET / HTTP/1.1
16:24:53.253 [main] DEBUG test.HttpServerTest - 49 - b.com : b.com
16:24:53.264 [Thread-0] INFO  com.nhnent.RequestProcessor - 52 - a.com : GET /service.Date HTTP/1.1
16:24:53.269 [main] DEBUG test.HttpServerTest - 82 - Date a.com : 2015-11-03T16:24:53
16:24:53.270 [main] DEBUG test.HttpServerTest - 86 - now : Tue Nov 03 16:24:53 KST 2015, resultDate : Tue Nov 03 16:24:53 KST 2015
16:24:53.284 [Thread-0] INFO  com.nhnent.RequestProcessor - 52 - a.com : GET /service.Error HTTP/1.1
16:24:53.289 [pool-1-thread-4] ERROR com.nhnent.RequestProcessor - 114 - {}
java.lang.RuntimeException: error
	at service.Error.service(Error.java:10) ~[na:na]
	at com.nhnent.RequestProcessor.run(RequestProcessor.java:92) ~[classes/:na]
	at java.util.concurrent.Executors$RunnableAdapter.call(Executors.java:511) [na:1.8.0_31]
	at java.util.concurrent.FutureTask.run(FutureTask.java:266) [na:1.8.0_31]
	at java.util.concurrent.ThreadPoolExecutor.runWorker(ThreadPoolExecutor.java:1142) [na:1.8.0_31]
	at java.util.concurrent.ThreadPoolExecutor$Worker.run(ThreadPoolExecutor.java:617) [na:1.8.0_31]
	at java.lang.Thread.run(Thread.java:745) [na:1.8.0_31]
16:24:53.290 [main] DEBUG test.HttpServerTest - 67 - statusCode : 500, url : http://a.com:8080/service.Error
16:24:53.300 [Thread-0] INFO  com.nhnent.RequestProcessor - 52 - a.com : GET /notFound HTTP/1.1
16:24:53.302 [main] DEBUG test.HttpServerTest - 67 - statusCode : 404, url : http://a.com:8080/notFound
16:24:53.311 [Thread-0] INFO  com.nhnent.RequestProcessor - 52 - a.com : GET /../../../../test HTTP/1.1
16:24:53.314 [main] DEBUG test.HttpServerTest - 67 - statusCode : 403, url : http://a.com:8080/../../../../test
16:28:13.663 [main] INFO  com.nhnent.HttpServer - 25 - HttpServer init
16:28:13.676 [main] DEBUG com.nhnent.HttpServer - 49 - add server : a.com , document_root : webapp_a/target/classes
16:28:13.679 [main] DEBUG com.nhnent.HttpServer - 49 - add server : b.com , document_root : webapp_b/target/classes
16:28:13.685 [Thread-0] INFO  com.nhnent.HttpServer - 57 - server started port : 8080
16:28:13.706 [Thread-0] INFO  com.nhnent.RequestProcessor - 52 - a.com : GET / HTTP/1.1
16:28:13.720 [main] DEBUG test.HttpServerTest - 49 - a.com : a.com
16:28:13.728 [Thread-0] INFO  com.nhnent.RequestProcessor - 52 - b.com : GET / HTTP/1.1
16:28:13.730 [main] DEBUG test.HttpServerTest - 49 - b.com : b.com
16:28:13.740 [Thread-0] INFO  com.nhnent.RequestProcessor - 52 - a.com : GET /service.Date HTTP/1.1
16:28:13.746 [main] DEBUG test.HttpServerTest - 82 - Date a.com : 2015-11-03T16:28:13
16:28:13.746 [main] DEBUG test.HttpServerTest - 86 - now : Tue Nov 03 16:28:13 KST 2015, resultDate : Tue Nov 03 16:28:13 KST 2015
16:28:13.761 [Thread-0] INFO  com.nhnent.RequestProcessor - 52 - a.com : GET /service.Error HTTP/1.1
16:28:13.768 [pool-1-thread-4] ERROR com.nhnent.RequestProcessor - 114 - 
java.lang.RuntimeException: error
	at service.Error.service(Error.java:10) ~[na:na]
	at com.nhnent.RequestProcessor.run(RequestProcessor.java:92) ~[classes/:na]
	at java.util.concurrent.Executors$RunnableAdapter.call(Executors.java:511) [na:1.8.0_31]
	at java.util.concurrent.FutureTask.run(FutureTask.java:266) [na:1.8.0_31]
	at java.util.concurrent.ThreadPoolExecutor.runWorker(ThreadPoolExecutor.java:1142) [na:1.8.0_31]
	at java.util.concurrent.ThreadPoolExecutor$Worker.run(ThreadPoolExecutor.java:617) [na:1.8.0_31]
	at java.lang.Thread.run(Thread.java:745) [na:1.8.0_31]
16:28:13.770 [main] DEBUG test.HttpServerTest - 67 - statusCode : 500, url : http://a.com:8080/service.Error
16:28:13.782 [Thread-0] INFO  com.nhnent.RequestProcessor - 52 - a.com : GET /notFound HTTP/1.1
16:28:13.784 [main] DEBUG test.HttpServerTest - 67 - statusCode : 404, url : http://a.com:8080/notFound
16:28:13.792 [Thread-0] INFO  com.nhnent.RequestProcessor - 52 - a.com : GET /../../../../test HTTP/1.1
16:28:13.795 [main] DEBUG test.HttpServerTest - 67 - statusCode : 403, url : http://a.com:8080/../../../../test
