08:16:34.517 [Thread-1] ERROR com.nhnent.HttpServer _-_ {}
java.net.BindException: Address already in use: JVM_Bind
	at java.net.DualStackPlainSocketImpl.bind0(Native Method) ~[na:1.8.0_31]
	at java.net.DualStackPlainSocketImpl.socketBind(DualStackPlainSocketImpl.java:106) ~[na:1.8.0_31]
	at java.net.AbstractPlainSocketImpl.bind(AbstractPlainSocketImpl.java:382) ~[na:1.8.0_31]
	at java.net.PlainSocketImpl.bind(PlainSocketImpl.java:190) ~[na:1.8.0_31]
	at java.net.ServerSocket.bind(ServerSocket.java:375) ~[na:1.8.0_31]
	at java.net.ServerSocket.<init>(ServerSocket.java:237) ~[na:1.8.0_31]
	at java.net.ServerSocket.<init>(ServerSocket.java:128) ~[na:1.8.0_31]
	at com.nhnent.HttpServer.run(HttpServer.java:53) ~[classes/:na]
	at java.lang.Thread.run(Thread.java:745) [na:1.8.0_31]
08:16:34.543 [main] DEBUG test.HttpServerTest _-_ a.com : a.com
08:16:34.560 [main] DEBUG test.HttpServerTest _-_ b.com : b.com
08:16:51.625 [Thread-1] INFO  com.nhnent.HttpServer _-_ server started
08:16:52.144 [pool-1-thread-1] INFO  com.nhnent.RequestProcessor _-_ a.com _ / _ null
08:16:52.158 [pool-1-thread-2] INFO  com.nhnent.RequestProcessor _-_ a.com _ / _ null
08:48:08.359 [Thread-1] INFO  com.nhnent.HttpServer _-_ server started
08:48:08.878 [pool-1-thread-1] INFO  com.nhnent.RequestProcessor _-_ a.com _ / _ null
08:48:08.891 [pool-1-thread-2] INFO  com.nhnent.RequestProcessor _-_ a.com _ / _ null
08:52:00.136 [Thread-1] INFO  com.nhnent.HttpServer _-_ server started
08:52:00.153 [pool-1-thread-1] INFO  com.nhnent.RequestProcessor _-_ a.com _ / _ null
08:52:00.163 [pool-1-thread-2] INFO  com.nhnent.RequestProcessor _-_ a.com _ / _ null
08:53:40.350 [Thread-1] INFO  com.nhnent.HttpServer _-_ server started
08:53:40.866 [pool-1-thread-1] INFO  com.nhnent.RequestProcessor _-_ a.com _ / _ null
08:53:40.877 [pool-1-thread-2] INFO  com.nhnent.RequestProcessor _-_ a.com _ / _ null
08:53:40.890 [pool-1-thread-3] INFO  com.nhnent.RequestProcessor _-_ b.com _ / _ null
08:53:40.899 [pool-1-thread-4] INFO  com.nhnent.RequestProcessor _-_ b.com _ / _ null
08:55:00.568 [Thread-1] INFO  com.nhnent.HttpServer _-_ server started
08:55:01.086 [pool-1-thread-1] INFO  com.nhnent.RequestProcessor _-_ a.com _ / _ null
08:55:01.098 [pool-1-thread-2] INFO  com.nhnent.RequestProcessor _-_ a.com _ / _ null
08:55:16.874 [Thread-1] INFO  com.nhnent.HttpServer _-_ server started
08:55:17.388 [pool-1-thread-1] INFO  com.nhnent.RequestProcessor _-_ a.com _ / _ null
08:55:17.399 [pool-1-thread-2] INFO  com.nhnent.RequestProcessor _-_ a.com _ / _ null
08:55:32.918 [Thread-1] INFO  com.nhnent.HttpServer _-_ server started
08:55:33.438 [pool-1-thread-1] INFO  com.nhnent.RequestProcessor _-_ a.com _ / _ null
08:55:33.448 [pool-1-thread-2] INFO  com.nhnent.RequestProcessor _-_ a.com _ / _ null
08:56:20.891 [Thread-1] INFO  com.nhnent.HttpServer _-_ server started
08:56:21.406 [pool-1-thread-1] INFO  com.nhnent.RequestProcessor _-_ a.com _ / _ null
08:56:21.417 [pool-1-thread-2] INFO  com.nhnent.RequestProcessor _-_ a.com _ / _ null
08:58:30.299 [Thread-1] INFO  com.nhnent.HttpServer _-_ server started
08:58:30.814 [pool-1-thread-1] INFO  com.nhnent.RequestProcessor _-_ a.com _ / _ null
08:58:30.826 [pool-1-thread-2] INFO  com.nhnent.RequestProcessor _-_ a.com _ / _ null
09:00:43.778 [Thread-1] INFO  com.nhnent.HttpServer _-_ server started
09:00:44.291 [pool-1-thread-1] INFO  com.nhnent.RequestProcessor _-_ a.com _ / _ null
09:00:44.303 [pool-1-thread-2] INFO  com.nhnent.RequestProcessor _-_ a.com _ / _ null
09:01:45.975 [Thread-1] INFO  com.nhnent.HttpServer _-_ server started
09:01:46.514 [pool-1-thread-1] INFO  com.nhnent.RequestProcessor _-_ a.com _ / _ null
09:01:46.532 [pool-1-thread-2] INFO  com.nhnent.RequestProcessor _-_ a.com _ / _ null
09:02:12.798 [Thread-1] INFO  com.nhnent.HttpServer _-_ server started
09:02:13.311 [pool-1-thread-1] INFO  com.nhnent.RequestProcessor _-_ a.com _ / _ null
09:02:13.323 [pool-1-thread-2] INFO  com.nhnent.RequestProcessor _-_ a.com _ / _ null
09:03:31.744 [Thread-1] INFO  com.nhnent.HttpServer _-_ server started
09:03:32.259 [pool-1-thread-1] INFO  com.nhnent.RequestProcessor _-_ a.com _ / _ null
09:03:32.272 [pool-1-thread-2] INFO  com.nhnent.RequestProcessor _-_ a.com _ / _ null
09:05:55.763 [Thread-1] INFO  com.nhnent.HttpServer _-_ server started
09:05:56.277 [pool-1-thread-1] INFO  com.nhnent.RequestProcessor _-_ a.com _ / _ null
09:05:56.287 [pool-1-thread-2] INFO  com.nhnent.RequestProcessor _-_ a.com _ / _ null
09:05:56.297 [pool-1-thread-3] INFO  com.nhnent.RequestProcessor _-_ b.com _ / _ null
09:05:56.305 [pool-1-thread-4] INFO  com.nhnent.RequestProcessor _-_ b.com _ / _ null
09:08:45.422 [Thread-1] INFO  com.nhnent.HttpServer _-_ server started
09:08:45.932 [pool-1-thread-1] INFO  com.nhnent.RequestProcessor _-_ a.com _ / _ null
09:08:45.943 [pool-1-thread-2] INFO  com.nhnent.RequestProcessor _-_ a.com _ / _ null
09:08:45.952 [pool-1-thread-3] INFO  com.nhnent.RequestProcessor _-_ b.com _ / _ null
09:08:45.962 [pool-1-thread-4] INFO  com.nhnent.RequestProcessor _-_ b.com _ / _ null
09:14:26.558 [Thread-1] INFO  com.nhnent.HttpServer _-_ server started
09:14:27.077 [pool-1-thread-1] INFO  com.nhnent.RequestProcessor _-_ a.com _ / _ null
09:14:27.088 [pool-1-thread-2] INFO  com.nhnent.RequestProcessor _-_ a.com _ / _ null
09:14:27.098 [pool-1-thread-3] INFO  com.nhnent.RequestProcessor _-_ b.com _ / _ null
09:14:27.108 [pool-1-thread-4] INFO  com.nhnent.RequestProcessor _-_ b.com _ / _ null
09:17:41.384 [Thread-1] INFO  com.nhnent.HttpServer _-_ server started
09:17:41.902 [pool-1-thread-1] INFO  com.nhnent.RequestProcessor _-_ a.com _ / _ null
09:17:41.913 [pool-1-thread-2] INFO  com.nhnent.RequestProcessor _-_ a.com _ / _ null
09:17:41.923 [pool-1-thread-3] INFO  com.nhnent.RequestProcessor _-_ b.com _ / _ null
09:17:41.932 [pool-1-thread-4] INFO  com.nhnent.RequestProcessor _-_ b.com _ / _ null
09:20:50.828 [Thread-1] INFO  com.nhnent.HttpServer _-_ server started
09:20:51.344 [pool-1-thread-1] INFO  com.nhnent.RequestProcessor _-_ a.com _ / _ null
09:20:51.356 [pool-1-thread-2] INFO  com.nhnent.RequestProcessor _-_ a.com _ / _ null
09:20:51.367 [pool-1-thread-3] INFO  com.nhnent.RequestProcessor _-_ b.com _ / _ null
09:20:51.377 [pool-1-thread-4] INFO  com.nhnent.RequestProcessor _-_ b.com _ / _ null
09:25:46.428 [Thread-1] INFO  com.nhnent.HttpServer _-_ server started
09:25:46.945 [pool-1-thread-1] INFO  com.nhnent.RequestProcessor _-_ a.com _ / _ null
09:25:46.957 [pool-1-thread-2] INFO  com.nhnent.RequestProcessor _-_ a.com _ / _ null
09:25:46.967 [pool-1-thread-3] INFO  com.nhnent.RequestProcessor _-_ b.com _ / _ null
09:25:46.977 [pool-1-thread-4] INFO  com.nhnent.RequestProcessor _-_ b.com _ / _ null
09:27:29.052 [Thread-1] INFO  com.nhnent.HttpServer _-_ server started
09:27:29.576 [pool-1-thread-1] INFO  com.nhnent.RequestProcessor _-_ a.com _ / _ null
09:27:29.592 [pool-1-thread-2] INFO  com.nhnent.RequestProcessor _-_ a.com _ / _ null
09:27:29.602 [pool-1-thread-3] INFO  com.nhnent.RequestProcessor _-_ b.com _ / _ null
09:27:29.611 [pool-1-thread-4] INFO  com.nhnent.RequestProcessor _-_ b.com _ / _ null
09:49:59.667 [Thread-0] INFO  com.nhnent.HttpServer _-_ server started
09:50:00.179 [pool-1-thread-1] INFO  com.nhnent.RequestProcessor _-_ a.com _ / _ null
09:50:00.192 [pool-1-thread-2] INFO  com.nhnent.RequestProcessor _-_ a.com _ / _ null
09:50:37.805 [Thread-0] INFO  com.nhnent.HttpServer _-_ server started
09:50:38.323 [pool-1-thread-1] INFO  com.nhnent.RequestProcessor _-_ a.com _ / _ null
09:50:38.335 [pool-1-thread-2] INFO  com.nhnent.RequestProcessor _-_ a.com _ / _ null
09:50:58.023 [Thread-0] INFO  com.nhnent.HttpServer _-_ server started
09:50:58.535 [pool-1-thread-1] INFO  com.nhnent.RequestProcessor _-_ a.com _ / _ null
09:50:58.545 [pool-1-thread-2] INFO  com.nhnent.RequestProcessor _-_ a.com _ / _ null
10:08:12.032 [Thread-0] INFO  com.nhnent.HttpServer _-_ server started
10:08:12.547 [pool-1-thread-1] INFO  com.nhnent.RequestProcessor _-_ a.com _ / _ null
10:08:12.558 [pool-1-thread-2] INFO  com.nhnent.RequestProcessor _-_ a.com _ / _ null
10:11:41.863 [Thread-0] INFO  com.nhnent.HttpServer _-_ server started
10:11:42.381 [pool-1-thread-1] INFO  com.nhnent.RequestProcessor _-_ a.com _ / _ null
10:11:42.391 [pool-1-thread-2] INFO  com.nhnent.RequestProcessor _-_ a.com _ / _ null
10:11:42.395 [main] ERROR test.HttpServerTest _-_ Server Init error : {} 
java.lang.NullPointerException: null
	at test.HttpServerTest.virtualHostTest(HttpServerTest.java:35) ~[test-classes/:na]
	at sun.reflect.NativeMethodAccessorImpl.invoke0(Native Method) ~[na:1.8.0_31]
	at sun.reflect.NativeMethodAccessorImpl.invoke(NativeMethodAccessorImpl.java:62) ~[na:1.8.0_31]
	at sun.reflect.DelegatingMethodAccessorImpl.invoke(DelegatingMethodAccessorImpl.java:43) ~[na:1.8.0_31]
	at java.lang.reflect.Method.invoke(Method.java:483) ~[na:1.8.0_31]
	at org.junit.runners.model.FrameworkMethod$1.runReflectiveCall(FrameworkMethod.java:45) [junit-4.10.jar:na]
	at org.junit.internal.runners.model.ReflectiveCallable.run(ReflectiveCallable.java:15) [junit-4.10.jar:na]
	at org.junit.runners.model.FrameworkMethod.invokeExplosively(FrameworkMethod.java:42) [junit-4.10.jar:na]
	at org.junit.internal.runners.statements.InvokeMethod.evaluate(InvokeMethod.java:20) [junit-4.10.jar:na]
	at org.junit.runners.ParentRunner.runLeaf(ParentRunner.java:263) [junit-4.10.jar:na]
	at org.junit.runners.BlockJUnit4ClassRunner.runChild(BlockJUnit4ClassRunner.java:68) [junit-4.10.jar:na]
	at org.junit.runners.BlockJUnit4ClassRunner.runChild(BlockJUnit4ClassRunner.java:47) [junit-4.10.jar:na]
	at org.junit.runners.ParentRunner$3.run(ParentRunner.java:231) [junit-4.10.jar:na]
	at org.junit.runners.ParentRunner$1.schedule(ParentRunner.java:60) [junit-4.10.jar:na]
	at org.junit.runners.ParentRunner.runChildren(ParentRunner.java:229) [junit-4.10.jar:na]
	at org.junit.runners.ParentRunner.access$000(ParentRunner.java:50) [junit-4.10.jar:na]
	at org.junit.runners.ParentRunner$2.evaluate(ParentRunner.java:222) [junit-4.10.jar:na]
	at org.junit.internal.runners.statements.RunBefores.evaluate(RunBefores.java:28) [junit-4.10.jar:na]
	at org.junit.runners.ParentRunner.run(ParentRunner.java:300) [junit-4.10.jar:na]
	at org.apache.maven.surefire.junit4.JUnit4TestSet.execute(JUnit4TestSet.java:53) [surefire-junit4-2.10.jar:2.10]
	at org.apache.maven.surefire.junit4.JUnit4Provider.executeTestSet(JUnit4Provider.java:123) [surefire-junit4-2.10.jar:2.10]
	at org.apache.maven.surefire.junit4.JUnit4Provider.invoke(JUnit4Provider.java:104) [surefire-junit4-2.10.jar:2.10]
	at sun.reflect.NativeMethodAccessorImpl.invoke0(Native Method) ~[na:1.8.0_31]
	at sun.reflect.NativeMethodAccessorImpl.invoke(NativeMethodAccessorImpl.java:62) ~[na:1.8.0_31]
	at sun.reflect.DelegatingMethodAccessorImpl.invoke(DelegatingMethodAccessorImpl.java:43) ~[na:1.8.0_31]
	at java.lang.reflect.Method.invoke(Method.java:483) ~[na:1.8.0_31]
	at org.apache.maven.surefire.util.ReflectionUtils.invokeMethodWithArray(ReflectionUtils.java:164) [surefire-api-2.10.jar:2.10]
	at org.apache.maven.surefire.booter.ProviderFactory$ProviderProxy.invoke(ProviderFactory.java:110) [surefire-booter-2.10.jar:2.10]
	at org.apache.maven.surefire.booter.SurefireStarter.invokeProvider(SurefireStarter.java:175) [surefire-booter-2.10.jar:2.10]
	at org.apache.maven.surefire.booter.SurefireStarter.runSuitesInProcessWhenForked(SurefireStarter.java:107) [surefire-booter-2.10.jar:2.10]
	at org.apache.maven.surefire.booter.ForkedBooter.main(ForkedBooter.java:68) [surefire-booter-2.10.jar:2.10]
10:14:38.100 [Thread-0] INFO  com.nhnent.HttpServer _-_ server started
10:14:38.616 [pool-1-thread-1] INFO  com.nhnent.RequestProcessor _-_ a.com _ / _ null
10:14:38.628 [pool-1-thread-2] INFO  com.nhnent.RequestProcessor _-_ a.com _ / _ null
10:14:47.201 [Thread-0] INFO  com.nhnent.HttpServer _-_ server started
10:14:47.715 [pool-1-thread-1] INFO  com.nhnent.RequestProcessor _-_ a.com _ / _ null
10:14:47.725 [pool-1-thread-2] INFO  com.nhnent.RequestProcessor _-_ a.com _ / _ null
10:15:20.595 [Thread-1] INFO  com.nhnent.HttpServer _-_ server started
10:15:20.625 [pool-1-thread-1] INFO  com.nhnent.RequestProcessor _-_ a.com _ / _ null
10:15:20.641 [pool-1-thread-2] INFO  com.nhnent.RequestProcessor _-_ a.com _ / _ null
10:16:47.946 [Thread-0] INFO  com.nhnent.HttpServer _-_ server started
10:16:48.461 [pool-1-thread-1] INFO  com.nhnent.RequestProcessor _-_ a.com _ / _ null
10:16:48.472 [pool-1-thread-2] INFO  com.nhnent.RequestProcessor _-_ a.com _ / _ null
10:49:22.600 [Thread-0] INFO  com.nhnent.HttpServer _-_ server started
10:49:22.645 [pool-1-thread-1] INFO  com.nhnent.RequestProcessor _-_ a.com _ / _ null
10:49:22.664 [pool-1-thread-2] INFO  com.nhnent.RequestProcessor _-_ a.com _ / _ null
10:52:21.755 [Thread-0] INFO  com.nhnent.HttpServer _-_ server started
10:52:22.274 [pool-1-thread-1] INFO  com.nhnent.RequestProcessor _-_ a.com _ / _ null
10:52:22.284 [pool-1-thread-2] INFO  com.nhnent.RequestProcessor _-_ a.com _ / _ null
11:14:52.608 [Thread-0] INFO  com.nhnent.HttpServer _-_ server started
11:14:52.629 [pool-1-thread-1] INFO  com.nhnent.RequestProcessor _-_ a.com _ / _ null
11:14:52.641 [pool-1-thread-2] INFO  com.nhnent.RequestProcessor _-_ a.com _ / _ null
11:15:49.025 [Thread-0] INFO  com.nhnent.HttpServer _-_ server started
11:15:49.045 [pool-1-thread-1] INFO  com.nhnent.RequestProcessor _-_ a.com _ / _ null
11:15:49.056 [pool-1-thread-2] INFO  com.nhnent.RequestProcessor _-_ a.com _ / _ null
11:26:36.045 [Thread-0] INFO  com.nhnent.HttpServer _-_ server started
11:26:36.066 [pool-1-thread-1] INFO  com.nhnent.RequestProcessor _-_ a.com _ / _ null
11:26:36.076 [pool-1-thread-2] INFO  com.nhnent.RequestProcessor _-_ a.com _ / _ null
11:26:49.223 [Thread-0] INFO  com.nhnent.HttpServer _-_ server started
11:26:49.241 [pool-1-thread-1] INFO  com.nhnent.RequestProcessor _-_ a.com _ / _ null
11:26:49.250 [pool-1-thread-2] INFO  com.nhnent.RequestProcessor _-_ a.com _ / _ null
11:26:57.835 [Thread-0] INFO  com.nhnent.HttpServer _-_ server started
11:26:57.853 [pool-1-thread-1] INFO  com.nhnent.RequestProcessor _-_ a.com _ / _ null
11:26:57.865 [pool-1-thread-2] INFO  com.nhnent.RequestProcessor _-_ a.com _ / _ null
12:24:58.180 [Thread-0] INFO  com.nhnent.HttpServer _-_ server started
12:24:58.691 [pool-1-thread-1] INFO  com.nhnent.RequestProcessor _-_ a.com _ / _ null
12:24:58.701 [pool-1-thread-2] INFO  com.nhnent.RequestProcessor _-_ a.com _ / _ null
12:25:25.786 [Thread-0] INFO  com.nhnent.HttpServer _-_ server started
12:25:25.803 [pool-1-thread-1] INFO  com.nhnent.RequestProcessor _-_ a.com _ / _ null
12:25:25.813 [pool-1-thread-2] INFO  com.nhnent.RequestProcessor _-_ a.com _ / _ null
12:25:40.133 [Thread-0] INFO  com.nhnent.HttpServer _-_ server started
12:25:40.149 [pool-1-thread-1] INFO  com.nhnent.RequestProcessor _-_ a.com _ / _ null
12:25:40.160 [pool-1-thread-2] INFO  com.nhnent.RequestProcessor _-_ a.com _ / _ null
12:29:59.296 [Thread-0] INFO  com.nhnent.HttpServer _-_ server started
12:29:59.824 [pool-1-thread-1] INFO  com.nhnent.RequestProcessor _-_ a.com _ / _ null
12:29:59.837 [pool-1-thread-2] INFO  com.nhnent.RequestProcessor _-_ a.com _ / _ null
